<?xml version="1.0" encoding="UTF-8"?>
<testng-results ignored="0" total="9" passed="9" failed="0" skipped="0">
  <reporter-output>
  </reporter-output>
  <suite started-at="2020-04-27T01:36:45Z" name="Default suite" finished-at="2020-04-27T01:36:48Z" duration-ms="2825">
    <groups>
    </groups>
    <test started-at="2020-04-27T01:36:45Z" name="Default test" finished-at="2020-04-27T01:36:48Z" duration-ms="2825">
      <class name="com.employeeapi.testCases.TC001_Get_All_Employees">
        <test-method is-config="true" signature="setup()[pri:0, instance:com.employeeapi.testCases.TC001_Get_All_Employees@48c76607]" started-at="2020-04-27T01:36:45Z" name="setup" finished-at="2020-04-27T01:36:45Z" duration-ms="125" status="PASS">
          <reporter-output>
          </reporter-output>
        </test-method> <!-- setup -->
        <test-method is-config="true" signature="getAllEmployees()[pri:0, instance:com.employeeapi.testCases.TC001_Get_All_Employees@48c76607]" started-at="2020-04-27T01:36:45Z" name="getAllEmployees" finished-at="2020-04-27T01:36:48Z" duration-ms="2524" status="PASS">
          <reporter-output>
          </reporter-output>
        </test-method> <!-- getAllEmployees -->
        <test-method signature="checkContentLenght()[pri:0, instance:com.employeeapi.testCases.TC001_Get_All_Employees@48c76607]" started-at="2020-04-27T01:36:48Z" name="checkContentLenght" finished-at="2020-04-27T01:36:48Z" duration-ms="16" status="PASS">
          <reporter-output>
          </reporter-output>
        </test-method> <!-- checkContentLenght -->
        <test-method signature="checkContentType()[pri:0, instance:com.employeeapi.testCases.TC001_Get_All_Employees@48c76607]" started-at="2020-04-27T01:36:48Z" name="checkContentType" finished-at="2020-04-27T01:36:48Z" duration-ms="11" status="PASS">
          <reporter-output>
          </reporter-output>
        </test-method> <!-- checkContentType -->
        <test-method signature="checkCookies()[pri:0, instance:com.employeeapi.testCases.TC001_Get_All_Employees@48c76607]" started-at="2020-04-27T01:36:48Z" name="checkCookies" finished-at="2020-04-27T01:36:48Z" duration-ms="3" status="PASS">
          <reporter-output>
          </reporter-output>
        </test-method> <!-- checkCookies -->
        <test-method signature="checkResponseTime()[pri:0, instance:com.employeeapi.testCases.TC001_Get_All_Employees@48c76607]" started-at="2020-04-27T01:36:48Z" name="checkResponseTime" finished-at="2020-04-27T01:36:48Z" duration-ms="6" status="PASS">
          <reporter-output>
          </reporter-output>
        </test-method> <!-- checkResponseTime -->
        <test-method signature="checkResposeBody()[pri:0, instance:com.employeeapi.testCases.TC001_Get_All_Employees@48c76607]" started-at="2020-04-27T01:36:48Z" name="checkResposeBody" finished-at="2020-04-27T01:36:48Z" duration-ms="56" status="PASS">
          <reporter-output>
          </reporter-output>
        </test-method> <!-- checkResposeBody -->
        <test-method signature="checkStatusCode()[pri:0, instance:com.employeeapi.testCases.TC001_Get_All_Employees@48c76607]" started-at="2020-04-27T01:36:48Z" name="checkStatusCode" finished-at="2020-04-27T01:36:48Z" duration-ms="9" status="PASS">
          <reporter-output>
          </reporter-output>
        </test-method> <!-- checkStatusCode -->
        <test-method signature="checkcontentEncoding()[pri:0, instance:com.employeeapi.testCases.TC001_Get_All_Employees@48c76607]" started-at="2020-04-27T01:36:48Z" name="checkcontentEncoding" finished-at="2020-04-27T01:36:48Z" duration-ms="6" status="PASS">
          <reporter-output>
          </reporter-output>
        </test-method> <!-- checkcontentEncoding -->
        <test-method signature="checkserverType()[pri:0, instance:com.employeeapi.testCases.TC001_Get_All_Employees@48c76607]" started-at="2020-04-27T01:36:48Z" name="checkserverType" finished-at="2020-04-27T01:36:48Z" duration-ms="4" status="PASS">
          <reporter-output>
          </reporter-output>
        </test-method> <!-- checkserverType -->
        <test-method signature="checkstatusLine()[pri:0, instance:com.employeeapi.testCases.TC001_Get_All_Employees@48c76607]" started-at="2020-04-27T01:36:48Z" name="checkstatusLine" finished-at="2020-04-27T01:36:48Z" duration-ms="4" status="PASS">
          <reporter-output>
          </reporter-output>
        </test-method> <!-- checkstatusLine -->
        <test-method is-config="true" signature="tearDown()[pri:0, instance:com.employeeapi.testCases.TC001_Get_All_Employees@48c76607]" started-at="2020-04-27T01:36:48Z" name="tearDown" finished-at="2020-04-27T01:36:48Z" duration-ms="0" status="PASS">
          <reporter-output>
          </reporter-output>
        </test-method> <!-- tearDown -->
      </class> <!-- com.employeeapi.testCases.TC001_Get_All_Employees -->
    </test> <!-- Default test -->
  </suite> <!-- Default suite -->
</testng-results>
